Copyright 1986-2022 Xilinx, Inc. All Rights Reserved.
-------------------------------------------------------------------------------------------------
| Tool Version : Vivado v.2022.1 (lin64) Build 3526262 Mon Apr 18 15:47:01 MDT 2022
| Date         : Wed Oct 19 18:58:18 2022
| Host         : rsiddique running 64-bit Ubuntu 20.04.5 LTS
| Command      : report_timing -sort_by group -max_paths 100 -path_type summary -file timing.log
| Design       : main
| Device       : 7a15t-cpg236
| Speed File   : -1  PRODUCTION 1.23 2018-06-13
-------------------------------------------------------------------------------------------------

Timing Report

Startpoint                     Endpoint                       Slack(ns)     
----------------------------------------------------------------------------
cells_x[3].cells_y[4].CELL/state_q_reg/C
                               cells_x[4].cells_y[3].CELL/state_q_reg/D
                                                              79.351        
cells_x[6].cells_y[6].CELL/state_q_reg/C
                               cells_x[7].cells_y[7].CELL/state_q_reg/D
                                                              79.385        
cells_x[5].cells_y[6].CELL/state_q_reg/C
                               cells_x[6].cells_y[5].CELL/state_q_reg/D
                                                              79.536        
cells_x[7].cells_y[7].CELL/state_q_reg/C
                               cells_x[6].cells_y[7].CELL/state_q_reg/D
                                                              79.561        
cells_x[6].cells_y[6].CELL/state_q_reg/C
                               cells_x[7].cells_y[5].CELL/state_q_reg/D
                                                              79.584        
cells_x[3].cells_y[3].CELL/state_q_reg/C
                               cells_x[2].cells_y[2].CELL/state_q_reg/D
                                                              79.606        
cells_x[6].cells_y[6].CELL/state_q_reg/C
                               cells_x[5].cells_y[6].CELL/state_q_reg/D
                                                              79.670        
cells_x[3].cells_y[6].CELL/state_q_reg/C
                               cells_x[4].cells_y[5].CELL/state_q_reg/D
                                                              79.742        
cells_x[3].cells_y[6].CELL/state_q_reg/C
                               cells_x[2].cells_y[7].CELL/state_q_reg/D
                                                              79.757        
cells_x[3].cells_y[6].CELL/state_q_reg/C
                               cells_x[3].cells_y[5].CELL/state_q_reg/D
                                                              79.758        
game_counter_reg[23]/C         game_counter_reg[23]/D         79.766        
game_counter_reg[23]/C         game_counter_reg[21]/D         79.806        
cells_x[6].cells_y[7].CELL/state_q_reg/C
                               cells_x[5].cells_y[7].CELL/state_q_reg/D
                                                              79.837        
cells_x[7].cells_y[5].CELL/state_q_reg/C
                               cells_x[6].cells_y[6].CELL/state_q_reg/D
                                                              79.884        
cells_x[5].cells_y[3].CELL/state_q_reg/C
                               cells_x[6].cells_y[2].CELL/state_q_reg/D
                                                              79.890        
game_counter_reg[23]/C         game_counter_reg[17]/D         79.895        
game_counter_reg[23]/C         game_counter_reg[22]/D         79.901        
game_counter_reg[23]/C         game_counter_reg[19]/D         79.916        
game_counter_reg[23]/C         game_counter_reg[20]/D         79.917        
cells_x[5].cells_y[3].CELL/state_q_reg/C
                               cells_x[5].cells_y[2].CELL/state_q_reg/D
                                                              79.936        
cells_x[4].cells_y[6].CELL/state_q_reg/C
                               cells_x[3].cells_y[7].CELL/state_q_reg/D
                                                              79.983        
cells_x[7].cells_y[7].CELL/state_q_reg/C
                               cells_x[7].cells_y[6].CELL/state_q_reg/D
                                                              79.988        
game_counter_reg[23]/C         game_counter_reg[18]/D         79.990        
cells_x[6].cells_y[2].CELL/state_q_reg/C
                               cells_x[5].cells_y[3].CELL/state_q_reg/D
                                                              80.004        
game_counter_reg[23]/C         game_counter_reg[16]/D         80.006        
game_counter_reg[23]/C         game_counter_reg[13]/D         80.008        
cells_x[3].cells_y[3].CELL/state_q_reg/C
                               cells_x[2].cells_y[4].CELL/state_q_reg/D
                                                              80.009        
cells_x[3].cells_y[4].CELL/state_q_reg/C
                               cells_x[3].cells_y[3].CELL/state_q_reg/D
                                                              80.021        
game_counter_reg[23]/C         game_counter_reg[15]/D         80.029        
cells_x[3].cells_y[5].CELL/state_q_reg/C
                               cells_x[4].cells_y[4].CELL/state_q_reg/D
                                                              80.064        
game_counter_reg[23]/C         game_counter_reg[14]/D         80.103        
cells_x[7].cells_y[4].CELL/state_q_reg/C
                               cells_x[7].cells_y[3].CELL/state_q_reg/D
                                                              80.112        
game_counter_reg[23]/C         game_counter_reg[12]/D         80.119        
game_counter_reg[23]/C         game_counter_reg[9]/D          80.122        
cells_x[5].cells_y[4].CELL/state_q_reg/C
                               cells_x[5].cells_y[5].CELL/state_q_reg/D
                                                              80.132        
game_counter_reg[23]/C         game_counter_reg[11]/D         80.143        
game_counter_reg[23]/C         game_counter_reg[10]/D         80.217        
game_counter_reg[23]/C         game_counter_reg[8]/D          80.233        
game_counter_reg[23]/C         game_counter_reg[5]/D          80.235        
cells_x[5].cells_y[6].CELL/state_q_reg/C
                               cells_x[4].cells_y[7].CELL/state_q_reg/D
                                                              80.246        
game_counter_reg[23]/C         game_counter_reg[7]/D          80.256        
cells_x[4].cells_y[2].CELL/state_q_reg/C
                               cells_x[3].cells_y[2].CELL/state_q_reg/D
                                                              80.281        
cells_x[5].cells_y[3].CELL/state_q_reg/C
                               cells_x[4].cells_y[2].CELL/state_q_reg/D
                                                              80.288        
cells_x[6].cells_y[5].CELL/state_q_reg/C
                               cells_x[7].cells_y[4].CELL/state_q_reg/D
                                                              80.295        
game_counter_reg[23]/C         game_counter_reg[6]/D          80.330        
cells_x[3].cells_y[4].CELL/state_q_reg/C
                               cells_x[2].cells_y[3].CELL/state_q_reg/D
                                                              80.338        
game_counter_reg[23]/C         game_counter_reg[4]/D          80.346        
cells_x[5].cells_y[5].CELL/state_q_reg/C
                               cells_x[4].cells_y[6].CELL/state_q_reg/D
                                                              80.358        
cells_x[1].cells_y[5].CELL/state_q_reg/C
                               cells_x[1].cells_y[5].CELL/state_q_reg/D
                                                              80.364        
cells_x[6].cells_y[5].CELL/state_q_reg/C
                               cells_x[5].cells_y[4].CELL/state_q_reg/D
                                                              80.378        
cells_x[5].cells_y[4].CELL/state_q_reg/C
                               cells_x[6].cells_y[3].CELL/state_q_reg/D
                                                              80.391        
cells_x[2].cells_y[6].CELL/state_q_reg/C
                               cells_x[2].cells_y[5].CELL/state_q_reg/D
                                                              80.397        
game_counter_reg[23]/C         game_counter_reg[3]/D          80.478        
cells_x[3].cells_y[7].CELL/state_q_reg/C
                               cells_x[2].cells_y[6].CELL/state_q_reg/D
                                                              80.508        
cells_x[7].cells_y[3].CELL/state_q_reg/C
                               cells_x[7].cells_y[2].CELL/state_q_reg/D
                                                              80.520        
game_counter_reg[23]/C         game_counter_reg[2]/D          80.538        
cells_x[4].cells_y[7].CELL/state_q_reg/C
                               cells_x[3].cells_y[6].CELL/state_q_reg/D
                                                              80.555        
cells_x[8].cells_y[5].CELL/state_q_reg/C
                               cells_x[8].cells_y[6].CELL/state_q_reg/D
                                                              80.575        
cells_x[4].cells_y[5].CELL/state_q_reg/C
                               cells_x[3].cells_y[4].CELL/state_q_reg/D
                                                              80.581        
cells_x[4].cells_y[7].CELL/state_q_reg/C
                               cells_x[3].cells_y[8].CELL/state_q_reg/D
                                                              80.590        
cells_x[6].cells_y[8].CELL/state_q_reg/C
                               cells_x[5].cells_y[8].CELL/state_q_reg/D
                                                              80.597        
x_reg[1]/C                     x_reg[0]/R                     80.613        
x_reg[1]/C                     x_reg[1]/R                     80.613        
x_reg[1]/C                     x_reg[2]/R                     80.613        
x_reg[1]/C                     x_reg[3]/R                     80.613        
display_counter_reg[12]/C      display_counter_reg[12]/D      80.652        
cells_x[1].cells_y[3].CELL/state_q_reg/C
                               cells_x[1].cells_y[4].CELL/state_q_reg/D
                                                              80.677        
cells_x[8].cells_y[4].CELL/state_q_reg/C
                               cells_x[8].cells_y[5].CELL/state_q_reg/D
                                                              80.679        
game_counter_reg[23]/C         game_counter_reg[1]/D          80.687        
display_counter_reg[12]/C      display_counter_reg[9]/D       80.694        
display_counter_reg[12]/C      display_counter_reg[11]/D      80.715        
cells_x[7].cells_y[3].CELL/state_q_reg/C
                               cells_x[8].cells_y[3].CELL/state_q_reg/D
                                                              80.729        
cells_x[3].cells_y[7].CELL/state_q_reg/C
                               cells_x[4].cells_y[8].CELL/state_q_reg/D
                                                              80.759        
cells_x[7].cells_y[5].CELL/state_q_reg/C
                               cells_x[6].cells_y[4].CELL/state_q_reg/D
                                                              80.761        
display_counter_reg[12]/C      display_counter_reg[10]/D      80.789        
display_counter_reg[12]/C      display_counter_reg[8]/D       80.805        
display_counter_reg[12]/C      display_counter_reg[5]/D       80.807        
display_counter_reg[12]/C      display_counter_reg[7]/D       80.828        
game_counter_reg[23]/C         cells_x[7].cells_y[8].CELL/state_q_reg/D
                                                              80.828        
cells_x[3].cells_y[1].CELL/state_q_reg/C
                               cells_x[2].cells_y[1].CELL/state_q_reg/D
                                                              80.843        
cells_x[5].cells_y[8].CELL/state_q_reg/C
                               cells_x[6].cells_y[8].CELL/state_q_reg/D
                                                              80.855        
game_counter_reg[23]/C         cells_x[8].cells_y[4].CELL/state_q_reg/D
                                                              80.857        
game_counter_reg[23]/C         game_counter_reg[0]/D          80.864        
cells_x[7].cells_y[1].CELL/state_q_reg/C
                               cells_x[6].cells_y[1].CELL/state_q_reg/D
                                                              80.883        
display_counter_reg[12]/C      display_counter_reg[6]/D       80.902        
display_counter_reg[12]/C      display_counter_reg[4]/D       80.918        
x_reg[0]/C                     x_reg[0]/D                     80.962        
x_reg[0]/C                     x_reg[1]/D                     80.982        
game_counter_reg[23]/C         cells_x[8].cells_y[8].CELL/state_q_reg/D
                                                              80.983        
game_counter_reg[23]/C         cells_x[8].cells_y[7].CELL/state_q_reg/D
                                                              80.997        
cells_x[2].cells_y[7].CELL/state_q_reg/C
                               cells_x[2].cells_y[8].CELL/state_q_reg/D
                                                              81.012        
cells_x[8].cells_y[2].CELL/state_q_reg/C
                               cells_x[7].cells_y[1].CELL/state_q_reg/D
                                                              81.018        
display_counter_reg[12]/C      display_counter_reg[3]/D       81.074        
game_counter_reg[23]/C         cells_x[1].cells_y[2].CELL/state_q_reg/D
                                                              81.081        
cells_x[1].cells_y[7].CELL/state_q_reg/C
                               cells_x[1].cells_y[6].CELL/state_q_reg/D
                                                              81.124        
cells_x[2].cells_y[4].CELL/state_q_reg/C
                               cells_x[1].cells_y[3].CELL/state_q_reg/D
                                                              81.127        
display_counter_reg[12]/C      display_counter_reg[2]/D       81.134        
cells_x[3].cells_y[2].CELL/state_q_reg/C
                               cells_x[4].cells_y[1].CELL/state_q_reg/D
                                                              81.154        
game_counter_reg[23]/C         cells_x[1].cells_y[7].CELL/state_q_reg/D
                                                              81.194        
cells_x[7].cells_y[3].CELL/state_q_reg/C
                               cells_x[8].cells_y[2].CELL/state_q_reg/D
                                                              81.236        



