#-----------------------------------------------------------
# Vivado v2022.1 (64-bit)
# SW Build 3526262 on Mon Apr 18 15:47:01 MDT 2022
# IP Build 3524634 on Mon Apr 18 20:55:01 MDT 2022
# Start of session at: Wed Oct 19 18:49:50 2022
# Process ID: 32650
# Current directory: /home/rsiddique/Documents/olin-cafe-f22/labs/01_game_of_life
# Command line: vivado -mode batch -source build.tcl
# Log file: /home/rsiddique/Documents/olin-cafe-f22/labs/01_game_of_life/vivado.log
# Journal file: /home/rsiddique/Documents/olin-cafe-f22/labs/01_game_of_life/vivado.jou
# Running On: rsiddique, OS: Linux, CPU Frequency: 2700.000 MHz, CPU Physical cores: 6, Host memory: 16361 MB
#-----------------------------------------------------------
source build.tcl
# read_verilog [ glob ./hdl/*.sv ]
# read_xdc ./main.xdc
# synth_design -top main -part xc7a15tcpg236-1
Command: synth_design -top main -part xc7a15tcpg236-1
Starting synth_design
Attempting to get a license for feature 'Synthesis' and/or device 'xc7a15t'
INFO: [Common 17-349] Got license for feature 'Synthesis' and/or device 'xc7a15t'
INFO: [Common 17-83] Releasing license: Synthesis
2 Infos, 0 Warnings, 0 Critical Warnings and 1 Errors encountered.
synth_design failed
INFO: [Common 17-344] 'synth_design' was cancelled
INFO: [Common 17-344] 'source' was cancelled
INFO: [Common 17-206] Exiting Vivado at Wed Oct 19 18:49:57 2022...
